d:\projects\arma-ofstream\src\release\arma-ofstream.lib
d:\projects\arma-ofstream\src\release\arma-ofstream.exp
d:\projects\arma-ofstream\src\win32\release\main.obj
d:\projects\arma-ofstream\src\win32\release\fileinterface.obj
d:\projects\arma-ofstream\src\win32\release\config.obj
d:\projects\arma-ofstream\src\win32\release\eden.obj
d:\projects\arma-ofstream\src\win32\release\misc.obj
d:\projects\arma-ofstream\src\win32\release\tasks.obj
d:\projects\arma-ofstream\src\win32\release\containers.obj
d:\projects\arma-ofstream\src\win32\release\cargo.obj
d:\projects\arma-ofstream\src\win32\release\debug.obj
d:\projects\arma-ofstream\src\win32\release\hc.obj
d:\projects\arma-ofstream\src\win32\release\position.obj
d:\projects\arma-ofstream\src\win32\release\vehicles.obj
d:\projects\arma-ofstream\src\win32\release\pointers.obj
d:\projects\arma-ofstream\src\win32\release\chat.obj
d:\projects\arma-ofstream\src\win32\release\curator.obj
d:\projects\arma-ofstream\src\win32\release\group.obj
d:\projects\arma-ofstream\src\win32\release\multiplayer.obj
d:\projects\arma-ofstream\src\win32\release\units.obj
d:\projects\arma-ofstream\src\win32\release\types.obj
d:\projects\arma-ofstream\src\win32\release\actions.obj
d:\projects\arma-ofstream\src\win32\release\camera.obj
d:\projects\arma-ofstream\src\win32\release\common_helpers.obj
d:\projects\arma-ofstream\src\win32\release\deprecated.obj
d:\projects\arma-ofstream\src\win32\release\inventory.obj
d:\projects\arma-ofstream\src\win32\release\uncategorized.obj
d:\projects\arma-ofstream\src\win32\release\client_types.obj
d:\projects\arma-ofstream\src\win32\release\client.obj
d:\projects\arma-ofstream\src\win32\release\ai.obj
d:\projects\arma-ofstream\src\win32\release\core.obj
d:\projects\arma-ofstream\src\win32\release\intersects.obj
d:\projects\arma-ofstream\src\win32\release\rotorlib.obj
d:\projects\arma-ofstream\src\win32\release\world.obj
d:\projects\arma-ofstream\src\win32\release\eventhandlers.obj
d:\projects\arma-ofstream\src\win32\release\ctrl.obj
d:\projects\arma-ofstream\src\win32\release\marker.obj
d:\projects\arma-ofstream\src\win32\release\sound.obj
d:\projects\arma-ofstream\src\win32\release\waypoint.obj
d:\projects\arma-ofstream\src\win32\release\vc141.pdb
d:\projects\arma-ofstream\src\cmakefiles\generate.stamp
d:\projects\arma-ofstream\win32\release\arma-ofstream.dll
d:\projects\arma-ofstream\build\win32\release\arma-ofstream.pdb
d:\projects\arma-ofstream\src\win32\release\arma-ofstream.tlog\arma-ofstream.write.1u.tlog
d:\projects\arma-ofstream\src\win32\release\arma-ofstream.tlog\cl.12804.write.1.tlog
d:\projects\arma-ofstream\src\win32\release\arma-ofstream.tlog\cl.command.1.tlog
d:\projects\arma-ofstream\src\win32\release\arma-ofstream.tlog\cl.read.1.tlog
d:\projects\arma-ofstream\src\win32\release\arma-ofstream.tlog\custombuild.command.1.tlog
d:\projects\arma-ofstream\src\win32\release\arma-ofstream.tlog\custombuild.read.1.tlog
d:\projects\arma-ofstream\src\win32\release\arma-ofstream.tlog\custombuild.write.1.tlog
d:\projects\arma-ofstream\src\win32\release\arma-ofstream.tlog\link.command.1.tlog
d:\projects\arma-ofstream\src\win32\release\arma-ofstream.tlog\link.read.1.tlog
d:\projects\arma-ofstream\src\win32\release\arma-ofstream.tlog\link.write.1.tlog
