  Building Custom Rule D:/Projects/ARMA-ofstream/src/CMakeLists.txt
  CMake does not need to re-run because D:/Projects/ARMA-ofstream/src/CMakeFiles/generate.stamp is up-to-date.
  FileInterface.cpp
  main.cpp
  client.cpp
  eventhandlers.cpp
  pointers.cpp
  actions.cpp
D:\Projects\ARMA-ofstream\src\FileInterface.cpp(65): warning C4996: 'sprintf': This function or variable may be unsafe. Consider using sprintf_s instead. To disable deprecation, use _CRT_SECURE_NO_WARNINGS. See online help for details.
  E:\Windows Kits\10\Include\10.0.17134.0\ucrt\stdio.h(1774): note: see declaration of 'sprintf'
D:\Projects\ARMA-ofstream\src\FileInterface.cpp(87): warning C4996: 'sscanf': This function or variable may be unsafe. Consider using sscanf_s instead. To disable deprecation, use _CRT_SECURE_NO_WARNINGS. See online help for details.
  E:\Windows Kits\10\Include\10.0.17134.0\ucrt\stdio.h(2263): note: see declaration of 'sscanf'
D:\Projects\ARMA-ofstream\src\FileInterface.cpp(111): warning C4996: 'localtime': This function or variable may be unsafe. Consider using localtime_s instead. To disable deprecation, use _CRT_SECURE_NO_WARNINGS. See online help for details.
  E:\Windows Kits\10\Include\10.0.17134.0\ucrt\time.h(506): note: see declaration of 'localtime'
D:\Projects\ARMA-ofstream\src\FileInterface.cpp(113): warning C4996: 'sprintf': This function or variable may be unsafe. Consider using sprintf_s instead. To disable deprecation, use _CRT_SECURE_NO_WARNINGS. See online help for details.
  E:\Windows Kits\10\Include\10.0.17134.0\ucrt\stdio.h(1774): note: see declaration of 'sprintf'
D:\Projects\ARMA-ofstream\src\FileInterface.cpp(128): warning C4996: 'sprintf': This function or variable may be unsafe. Consider using sprintf_s instead. To disable deprecation, use _CRT_SECURE_NO_WARNINGS. See online help for details.
  E:\Windows Kits\10\Include\10.0.17134.0\ucrt\stdio.h(1774): note: see declaration of 'sprintf'
D:\Projects\ARMA-ofstream\src\FileInterface.cpp(152): warning C4996: 'intercept::client::host::register_sqf_command': use new game_state& syntax instead of uintptr_t
  d:\projects\arma-ofstream\intercept\src\client\headers\client/client.hpp(50): note: see declaration of 'intercept::client::host::register_sqf_command'
D:\Projects\ARMA-ofstream\src\FileInterface.cpp(153): warning C4996: 'intercept::client::host::register_sqf_command': use new game_state& syntax instead of uintptr_t
  d:\projects\arma-ofstream\intercept\src\client\headers\client/client.hpp(45): note: see declaration of 'intercept::client::host::register_sqf_command'
D:\Projects\ARMA-ofstream\src\FileInterface.cpp(157): warning C4996: 'intercept::client::host::register_sqf_command': use new game_state& syntax instead of uintptr_t
  d:\projects\arma-ofstream\intercept\src\client\headers\client/client.hpp(45): note: see declaration of 'intercept::client::host::register_sqf_command'
  ai.cpp
  camera.cpp
  cargo.cpp
  chat.cpp
  common_helpers.cpp
  config.cpp
  core.cpp
  ctrl.cpp
  curator.cpp
  debug.cpp
  deprecated.cpp
  eden.cpp
  group.cpp
  hc.cpp
  intersects.cpp
  inventory.cpp
  marker.cpp
  misc.cpp
  multiplayer.cpp
  position.cpp
  rotorlib.cpp
  sound.cpp
  tasks.cpp
  uncategorized.cpp
  units.cpp
  vehicles.cpp
  waypoint.cpp
  world.cpp
  client_types.cpp
  containers.cpp
  types.cpp
LINK : warning LNK4075: ignoring '/INCREMENTAL' due to '/OPT:REF' specification
     Creating library D:/Projects/ARMA-ofstream/src/Release/Arma-ofstream.lib and object D:/Projects/ARMA-ofstream/src/Release/Arma-ofstream.exp
  Arma-ofstream.vcxproj -> D:\Projects\ARMA-ofstream\Win32\Release\Arma-ofstream.dll
