  client.cpp
  eventhandlers.cpp
  pointers.cpp
  actions.cpp
  ai.cpp
  camera.cpp
  cargo.cpp
  chat.cpp
  common_helpers.cpp
  config.cpp
  core.cpp
  ctrl.cpp
  curator.cpp
  debug.cpp
  deprecated.cpp
  eden.cpp
  group.cpp
  hc.cpp
  intersects.cpp
  inventory.cpp
  marker.cpp
  misc.cpp
  multiplayer.cpp
  position.cpp
  rotorlib.cpp
  sound.cpp
  tasks.cpp
  uncategorized.cpp
  units.cpp
  vehicles.cpp
  waypoint.cpp
  world.cpp
  client_types.cpp
  containers.cpp
  types.cpp
  FileInterface.cpp
  main.cpp
LINK : warning LNK4075: ignoring '/INCREMENTAL' due to '/OPT:REF' specification
     Creating library D:/Projects/ARMA-ofstream/src/Release/Arma-ofstream.lib and object D:/Projects/ARMA-ofstream/src/Release/Arma-ofstream.exp
  Arma-ofstream.vcxproj -> D:\Projects\ARMA-ofstream\build\win32\Release\Arma-ofstream.dll
