d:\projects\arma-ofstream\src\release\arma-ofstream.lib
d:\projects\arma-ofstream\src\release\arma-ofstream.exp
d:\projects\arma-ofstream\src\x64\release\main.obj
d:\projects\arma-ofstream\src\x64\release\cargo.obj
d:\projects\arma-ofstream\src\x64\release\core.obj
d:\projects\arma-ofstream\src\x64\release\group.obj
d:\projects\arma-ofstream\src\x64\release\multiplayer.obj
d:\projects\arma-ofstream\src\x64\release\uncategorized.obj
d:\projects\arma-ofstream\src\x64\release\world.obj
d:\projects\arma-ofstream\src\x64\release\client.obj
d:\projects\arma-ofstream\src\x64\release\ai.obj
d:\projects\arma-ofstream\src\x64\release\config.obj
d:\projects\arma-ofstream\src\x64\release\deprecated.obj
d:\projects\arma-ofstream\src\x64\release\marker.obj
d:\projects\arma-ofstream\src\x64\release\sound.obj
d:\projects\arma-ofstream\src\x64\release\client_types.obj
d:\projects\arma-ofstream\src\x64\release\pointers.obj
d:\projects\arma-ofstream\src\x64\release\intersects.obj
d:\projects\arma-ofstream\src\x64\release\rotorlib.obj
d:\projects\arma-ofstream\src\x64\release\waypoint.obj
d:\projects\arma-ofstream\src\x64\release\actions.obj
d:\projects\arma-ofstream\src\x64\release\camera.obj
d:\projects\arma-ofstream\src\x64\release\common_helpers.obj
d:\projects\arma-ofstream\src\x64\release\debug.obj
d:\projects\arma-ofstream\src\x64\release\hc.obj
d:\projects\arma-ofstream\src\x64\release\misc.obj
d:\projects\arma-ofstream\src\x64\release\tasks.obj
d:\projects\arma-ofstream\src\x64\release\containers.obj
d:\projects\arma-ofstream\src\x64\release\eventhandlers.obj
d:\projects\arma-ofstream\src\x64\release\ctrl.obj
d:\projects\arma-ofstream\src\x64\release\inventory.obj
d:\projects\arma-ofstream\src\x64\release\units.obj
d:\projects\arma-ofstream\src\x64\release\types.obj
d:\projects\arma-ofstream\src\x64\release\fileinterface.obj
d:\projects\arma-ofstream\src\x64\release\chat.obj
d:\projects\arma-ofstream\src\x64\release\curator.obj
d:\projects\arma-ofstream\src\x64\release\eden.obj
d:\projects\arma-ofstream\src\x64\release\position.obj
d:\projects\arma-ofstream\src\x64\release\vehicles.obj
d:\projects\arma-ofstream\src\x64\release\vc141.pdb
d:\projects\arma-ofstream\src\cmakefiles\generate.stamp
d:\projects\arma-ofstream\src\x64\release\arma-ofstream.tlog\arma-ofstream.write.1u.tlog
d:\projects\arma-ofstream\src\x64\release\arma-ofstream.tlog\cl.command.1.tlog
d:\projects\arma-ofstream\src\x64\release\arma-ofstream.tlog\cl.read.1.tlog
d:\projects\arma-ofstream\src\x64\release\arma-ofstream.tlog\cl.write.1.tlog
d:\projects\arma-ofstream\src\x64\release\arma-ofstream.tlog\custombuild.command.1.tlog
d:\projects\arma-ofstream\src\x64\release\arma-ofstream.tlog\custombuild.read.1.tlog
d:\projects\arma-ofstream\src\x64\release\arma-ofstream.tlog\custombuild.write.1.tlog
d:\projects\arma-ofstream\src\x64\release\arma-ofstream.tlog\link-cvtres.read.1.tlog
d:\projects\arma-ofstream\src\x64\release\arma-ofstream.tlog\link-cvtres.write.1.tlog
d:\projects\arma-ofstream\src\x64\release\arma-ofstream.tlog\link-rc.read.1.tlog
d:\projects\arma-ofstream\src\x64\release\arma-ofstream.tlog\link-rc.write.1.tlog
d:\projects\arma-ofstream\src\x64\release\arma-ofstream.tlog\link.command.1.tlog
d:\projects\arma-ofstream\src\x64\release\arma-ofstream.tlog\link.delete.1.tlog
d:\projects\arma-ofstream\src\x64\release\arma-ofstream.tlog\link.read.1.tlog
d:\projects\arma-ofstream\src\x64\release\arma-ofstream.tlog\link.write.1.tlog
